build/app/intermediates/manifest_merge_blame_file/debug/manifest-merger-blame-debug-report.txt
1<?xml version="1.0" encoding="utf-8"?>
2<manifest xmlns:android="http://schemas.android.com/apk/res/android"
3    package="com.dyuta6.dating_app"
4    android:versionCode="4"
5    android:versionName="1.0.3" >
6
7    <uses-sdk
8        android:minSdkVersion="21"
9        android:targetSdkVersion="35" />
10    <!--
11         The INTERNET permission is required for development. Specifically,
12         the Flutter tool needs it to communicate with the running application
13         to allow setting breakpoints, to provide hot reload, etc.
14    -->
15    <uses-permission android:name="android.permission.INTERNET" />
15-->src\debug\AndroidManifest.xml:6:5-66
15-->src\debug\AndroidManifest.xml:6:22-64
16    <uses-permission android:name="android.permission.ACCESS_NETWORK_STATE" />
16-->[:firebase_analytics] AndroidManifest.xml:7:5-79
16-->[:firebase_analytics] AndroidManifest.xml:7:22-76
17    <uses-permission android:name="android.permission.WAKE_LOCK" /> <!-- Permissions options for the `notification` group -->
17-->[:firebase_analytics] AndroidManifest.xml:9:5-68
17-->[:firebase_analytics] AndroidManifest.xml:9:22-65
18    <uses-permission android:name="android.permission.POST_NOTIFICATIONS" />
18-->[:firebase_messaging] AndroidManifest.xml:11:5-77
18-->[:firebase_messaging] AndroidManifest.xml:11:22-74
19    <uses-permission android:name="android.permission.VIBRATE" />
19-->[:flutter_local_notifications] AndroidManifest.xml:7:5-66
19-->[:flutter_local_notifications] AndroidManifest.xml:7:22-63
20    <uses-permission android:name="com.google.android.gms.permission.AD_ID" />
20-->[com.google.android.gms:play-services-measurement-api:21.6.1] AndroidManifest.xml:25:5-79
20-->[com.google.android.gms:play-services-measurement-api:21.6.1] AndroidManifest.xml:25:22-76
21    <uses-permission android:name="android.permission.ACCESS_ADSERVICES_ATTRIBUTION" />
21-->[com.google.android.gms:play-services-measurement-api:21.6.1] AndroidManifest.xml:26:5-88
21-->[com.google.android.gms:play-services-measurement-api:21.6.1] AndroidManifest.xml:26:22-85
22    <uses-permission android:name="android.permission.ACCESS_ADSERVICES_AD_ID" /> <!-- Required by older versions of Google Play services to create IID tokens -->
22-->[com.google.android.gms:play-services-measurement-api:21.6.1] AndroidManifest.xml:27:5-82
22-->[com.google.android.gms:play-services-measurement-api:21.6.1] AndroidManifest.xml:27:22-79
23    <uses-permission android:name="com.google.android.c2dm.permission.RECEIVE" />
23-->[com.google.firebase:firebase-messaging:23.4.1] AndroidManifest.xml:26:5-82
23-->[com.google.firebase:firebase-messaging:23.4.1] AndroidManifest.xml:26:22-79
24    <uses-permission android:name="android.permission.ACCESS_ADSERVICES_TOPICS" /> <!-- Android package visibility setting -->
24-->[com.google.android.gms:play-services-ads-lite:23.0.0] AndroidManifest.xml:29:5-83
24-->[com.google.android.gms:play-services-ads-lite:23.0.0] AndroidManifest.xml:29:22-80
25    <queries>
25-->[com.google.android.gms:play-services-ads-lite:23.0.0] AndroidManifest.xml:35:5-51:15
26
27        <!-- For browser content -->
28        <intent>
28-->[com.google.android.gms:play-services-ads-lite:23.0.0] AndroidManifest.xml:38:9-44:18
29            <action android:name="android.intent.action.VIEW" />
29-->[com.google.firebase:firebase-auth:22.3.1] AndroidManifest.xml:36:17-69
29-->[com.google.firebase:firebase-auth:22.3.1] AndroidManifest.xml:36:25-66
30
31            <category android:name="android.intent.category.BROWSABLE" />
31-->[com.google.firebase:firebase-auth:22.3.1] AndroidManifest.xml:39:17-78
31-->[com.google.firebase:firebase-auth:22.3.1] AndroidManifest.xml:39:27-75
32
33            <data android:scheme="https" />
33-->[com.google.firebase:firebase-auth:22.3.1] AndroidManifest.xml:41:17-44:51
33-->[com.google.firebase:firebase-auth:22.3.1] AndroidManifest.xml:44:21-48
34        </intent>
35        <!-- End of browser content -->
36        <!-- For CustomTabsService -->
37        <intent>
37-->[com.google.android.gms:play-services-ads-lite:23.0.0] AndroidManifest.xml:47:9-49:18
38            <action android:name="android.support.customtabs.action.CustomTabsService" />
38-->[com.google.android.gms:play-services-ads-lite:23.0.0] AndroidManifest.xml:48:13-90
38-->[com.google.android.gms:play-services-ads-lite:23.0.0] AndroidManifest.xml:48:21-87
39        </intent>
40        <!-- End of CustomTabsService -->
41    </queries>
42
43    <uses-permission android:name="com.google.android.finsky.permission.BIND_GET_INSTALL_REFERRER_SERVICE" />
43-->[com.google.android.gms:play-services-measurement:21.6.1] AndroidManifest.xml:26:5-110
43-->[com.google.android.gms:play-services-measurement:21.6.1] AndroidManifest.xml:26:22-107
44    <uses-permission android:name="com.google.android.providers.gsf.permission.READ_GSERVICES" />
44-->[com.google.android.recaptcha:recaptcha:18.4.0] AndroidManifest.xml:9:5-98
44-->[com.google.android.recaptcha:recaptcha:18.4.0] AndroidManifest.xml:9:22-95
45    <uses-permission android:name="android.permission.FOREGROUND_SERVICE" />
45-->[androidx.work:work-runtime:2.7.0] AndroidManifest.xml:28:5-77
45-->[androidx.work:work-runtime:2.7.0] AndroidManifest.xml:28:22-74
46
47    <permission
47-->[androidx.core:core:1.13.1] AndroidManifest.xml:22:5-24:47
48        android:name="com.dyuta6.dating_app.DYNAMIC_RECEIVER_NOT_EXPORTED_PERMISSION"
48-->[androidx.core:core:1.13.1] AndroidManifest.xml:23:9-81
49        android:protectionLevel="signature" />
49-->[androidx.core:core:1.13.1] AndroidManifest.xml:24:9-44
50
51    <uses-permission android:name="com.dyuta6.dating_app.DYNAMIC_RECEIVER_NOT_EXPORTED_PERMISSION" />
51-->[androidx.core:core:1.13.1] AndroidManifest.xml:26:5-97
51-->[androidx.core:core:1.13.1] AndroidManifest.xml:26:22-94
52
53    <application
54        android:name="android.app.Application"
55        android:appComponentFactory="androidx.core.app.CoreComponentFactory"
55-->[androidx.core:core:1.13.1] AndroidManifest.xml:28:18-86
56        android:debuggable="true"
57        android:extractNativeLibs="true"
58        android:icon="@mipmap/hearth7"
59        android:label="Jorny" >
60        <activity
61            android:name="com.example.dating_app.MainActivity"
62            android:configChanges="orientation|keyboardHidden|keyboard|screenSize|smallestScreenSize|locale|layoutDirection|fontScale|screenLayout|density|uiMode"
63            android:exported="true"
64            android:hardwareAccelerated="true"
65            android:launchMode="singleTop"
66            android:theme="@style/LaunchTheme"
67            android:windowSoftInputMode="adjustResize" >
68
69            <!--
70                 Specifies an Android theme to apply to this Activity as soon as
71                 the Android process has started. This theme is visible to the user
72                 while the Flutter UI initializes. After that, this theme continues
73                 to determine the Window background behind the Flutter UI.
74            -->
75            <meta-data
76                android:name="io.flutter.embedding.android.NormalTheme"
77                android:resource="@style/NormalTheme" />
78
79            <intent-filter>
80                <action android:name="android.intent.action.MAIN" />
81
82                <category android:name="android.intent.category.LAUNCHER" />
83            </intent-filter>
84        </activity>
85        <!--
86             Don't delete the meta-data below.
87             This is used by the Flutter tool to generate GeneratedPluginRegistrant.java
88        -->
89        <meta-data
90            android:name="flutterEmbedding"
91            android:value="2" />
92        <!-- Sample AdMob app ID: ca-app-pub-3940256099942544~3347511713 -->
93        <meta-data
94            android:name="com.google.android.gms.ads.APPLICATION_ID"
95            android:value="ca-app-pub-5662570486450589~2969846484" />
96
97        <service
97-->[:cloud_firestore] AndroidManifest.xml:8:9-12:19
98            android:name="com.google.firebase.components.ComponentDiscoveryService"
98-->[:cloud_firestore] AndroidManifest.xml:8:18-89
99            android:directBootAware="true"
99-->[com.google.firebase:firebase-common:20.4.3] AndroidManifest.xml:32:13-43
100            android:exported="false" >
100-->[com.google.firebase:firebase-firestore:24.11.0] AndroidManifest.xml:16:13-37
101            <meta-data
101-->[:cloud_firestore] AndroidManifest.xml:9:13-11:85
102                android:name="com.google.firebase.components:io.flutter.plugins.firebase.firestore.FlutterFirebaseFirestoreRegistrar"
102-->[:cloud_firestore] AndroidManifest.xml:10:17-134
103                android:value="com.google.firebase.components.ComponentRegistrar" />
103-->[:cloud_firestore] AndroidManifest.xml:11:17-82
104            <meta-data
104-->[:firebase_analytics] AndroidManifest.xml:13:13-15:85
105                android:name="com.google.firebase.components:io.flutter.plugins.firebase.analytics.FlutterFirebaseAppRegistrar"
105-->[:firebase_analytics] AndroidManifest.xml:14:17-128
106                android:value="com.google.firebase.components.ComponentRegistrar" />
106-->[:firebase_analytics] AndroidManifest.xml:15:17-82
107            <meta-data
107-->[:firebase_auth] AndroidManifest.xml:9:13-11:85
108                android:name="com.google.firebase.components:io.flutter.plugins.firebase.auth.FlutterFirebaseAuthRegistrar"
108-->[:firebase_auth] AndroidManifest.xml:10:17-124
109                android:value="com.google.firebase.components.ComponentRegistrar" />
109-->[:firebase_auth] AndroidManifest.xml:11:17-82
110            <meta-data
110-->[:firebase_messaging] AndroidManifest.xml:36:13-38:85
111                android:name="com.google.firebase.components:io.flutter.plugins.firebase.messaging.FlutterFirebaseAppRegistrar"
111-->[:firebase_messaging] AndroidManifest.xml:37:17-128
112                android:value="com.google.firebase.components.ComponentRegistrar" />
112-->[:firebase_messaging] AndroidManifest.xml:38:17-82
113            <meta-data
113-->[:firebase_storage] AndroidManifest.xml:9:13-11:85
114                android:name="com.google.firebase.components:io.flutter.plugins.firebase.storage.FlutterFirebaseAppRegistrar"
114-->[:firebase_storage] AndroidManifest.xml:10:17-126
115                android:value="com.google.firebase.components.ComponentRegistrar" />
115-->[:firebase_storage] AndroidManifest.xml:11:17-82
116            <meta-data
116-->[:firebase_core] AndroidManifest.xml:9:13-11:85
117                android:name="com.google.firebase.components:io.flutter.plugins.firebase.core.FlutterFirebaseCoreRegistrar"
117-->[:firebase_core] AndroidManifest.xml:10:17-124
118                android:value="com.google.firebase.components.ComponentRegistrar" />
118-->[:firebase_core] AndroidManifest.xml:11:17-82
119            <meta-data
119-->[com.google.firebase:firebase-firestore:24.11.0] AndroidManifest.xml:17:13-19:85
120                android:name="com.google.firebase.components:com.google.firebase.firestore.FirebaseFirestoreKtxRegistrar"
120-->[com.google.firebase:firebase-firestore:24.11.0] AndroidManifest.xml:18:17-122
121                android:value="com.google.firebase.components.ComponentRegistrar" />
121-->[com.google.firebase:firebase-firestore:24.11.0] AndroidManifest.xml:19:17-82
122            <meta-data
122-->[com.google.firebase:firebase-firestore:24.11.0] AndroidManifest.xml:20:13-22:85
123                android:name="com.google.firebase.components:com.google.firebase.firestore.FirestoreRegistrar"
123-->[com.google.firebase:firebase-firestore:24.11.0] AndroidManifest.xml:21:17-111
124                android:value="com.google.firebase.components.ComponentRegistrar" />
124-->[com.google.firebase:firebase-firestore:24.11.0] AndroidManifest.xml:22:17-82
125            <meta-data
125-->[com.google.android.gms:play-services-measurement-api:21.6.1] AndroidManifest.xml:37:13-39:85
126                android:name="com.google.firebase.components:com.google.firebase.analytics.connector.internal.AnalyticsConnectorRegistrar"
126-->[com.google.android.gms:play-services-measurement-api:21.6.1] AndroidManifest.xml:38:17-139
127                android:value="com.google.firebase.components.ComponentRegistrar" />
127-->[com.google.android.gms:play-services-measurement-api:21.6.1] AndroidManifest.xml:39:17-82
128            <meta-data
128-->[com.google.firebase:firebase-auth:22.3.1] AndroidManifest.xml:69:13-71:85
129                android:name="com.google.firebase.components:com.google.firebase.auth.FirebaseAuthRegistrar"
129-->[com.google.firebase:firebase-auth:22.3.1] AndroidManifest.xml:70:17-109
130                android:value="com.google.firebase.components.ComponentRegistrar" />
130-->[com.google.firebase:firebase-auth:22.3.1] AndroidManifest.xml:71:17-82
131            <meta-data
131-->[com.google.firebase:firebase-messaging:23.4.1] AndroidManifest.xml:57:13-59:85
132                android:name="com.google.firebase.components:com.google.firebase.messaging.FirebaseMessagingKtxRegistrar"
132-->[com.google.firebase:firebase-messaging:23.4.1] AndroidManifest.xml:58:17-122
133                android:value="com.google.firebase.components.ComponentRegistrar" />
133-->[com.google.firebase:firebase-messaging:23.4.1] AndroidManifest.xml:59:17-82
134            <meta-data
134-->[com.google.firebase:firebase-messaging:23.4.1] AndroidManifest.xml:60:13-62:85
135                android:name="com.google.firebase.components:com.google.firebase.messaging.FirebaseMessagingRegistrar"
135-->[com.google.firebase:firebase-messaging:23.4.1] AndroidManifest.xml:61:17-119
136                android:value="com.google.firebase.components.ComponentRegistrar" />
136-->[com.google.firebase:firebase-messaging:23.4.1] AndroidManifest.xml:62:17-82
137            <meta-data
137-->[com.google.firebase:firebase-storage:20.3.0] AndroidManifest.xml:30:13-32:85
138                android:name="com.google.firebase.components:com.google.firebase.storage.FirebaseStorageKtxRegistrar"
138-->[com.google.firebase:firebase-storage:20.3.0] AndroidManifest.xml:31:17-118
139                android:value="com.google.firebase.components.ComponentRegistrar" />
139-->[com.google.firebase:firebase-storage:20.3.0] AndroidManifest.xml:32:17-82
140            <meta-data
140-->[com.google.firebase:firebase-storage:20.3.0] AndroidManifest.xml:33:13-35:85
141                android:name="com.google.firebase.components:com.google.firebase.storage.StorageRegistrar"
141-->[com.google.firebase:firebase-storage:20.3.0] AndroidManifest.xml:34:17-107
142                android:value="com.google.firebase.components.ComponentRegistrar" />
142-->[com.google.firebase:firebase-storage:20.3.0] AndroidManifest.xml:35:17-82
143            <meta-data
143-->[com.google.firebase:firebase-installations:17.2.0] AndroidManifest.xml:15:13-17:85
144                android:name="com.google.firebase.components:com.google.firebase.installations.FirebaseInstallationsKtxRegistrar"
144-->[com.google.firebase:firebase-installations:17.2.0] AndroidManifest.xml:16:17-130
145                android:value="com.google.firebase.components.ComponentRegistrar" />
145-->[com.google.firebase:firebase-installations:17.2.0] AndroidManifest.xml:17:17-82
146            <meta-data
146-->[com.google.firebase:firebase-installations:17.2.0] AndroidManifest.xml:18:13-20:85
147                android:name="com.google.firebase.components:com.google.firebase.installations.FirebaseInstallationsRegistrar"
147-->[com.google.firebase:firebase-installations:17.2.0] AndroidManifest.xml:19:17-127
148                android:value="com.google.firebase.components.ComponentRegistrar" />
148-->[com.google.firebase:firebase-installations:17.2.0] AndroidManifest.xml:20:17-82
149            <meta-data
149-->[com.google.firebase:firebase-appcheck:17.1.2] AndroidManifest.xml:25:13-27:85
150                android:name="com.google.firebase.components:com.google.firebase.appcheck.FirebaseAppCheckKtxRegistrar"
150-->[com.google.firebase:firebase-appcheck:17.1.2] AndroidManifest.xml:26:17-120
151                android:value="com.google.firebase.components.ComponentRegistrar" />
151-->[com.google.firebase:firebase-appcheck:17.1.2] AndroidManifest.xml:27:17-82
152            <meta-data
152-->[com.google.firebase:firebase-appcheck:17.1.2] AndroidManifest.xml:28:13-30:85
153                android:name="com.google.firebase.components:com.google.firebase.appcheck.FirebaseAppCheckRegistrar"
153-->[com.google.firebase:firebase-appcheck:17.1.2] AndroidManifest.xml:29:17-117
154                android:value="com.google.firebase.components.ComponentRegistrar" />
154-->[com.google.firebase:firebase-appcheck:17.1.2] AndroidManifest.xml:30:17-82
155            <meta-data
155-->[com.google.firebase:firebase-common-ktx:20.4.3] AndroidManifest.xml:12:13-14:85
156                android:name="com.google.firebase.components:com.google.firebase.ktx.FirebaseCommonLegacyRegistrar"
156-->[com.google.firebase:firebase-common-ktx:20.4.3] AndroidManifest.xml:13:17-116
157                android:value="com.google.firebase.components.ComponentRegistrar" />
157-->[com.google.firebase:firebase-common-ktx:20.4.3] AndroidManifest.xml:14:17-82
158            <meta-data
158-->[com.google.firebase:firebase-common:20.4.3] AndroidManifest.xml:35:13-37:85
159                android:name="com.google.firebase.components:com.google.firebase.FirebaseCommonKtxRegistrar"
159-->[com.google.firebase:firebase-common:20.4.3] AndroidManifest.xml:36:17-109
160                android:value="com.google.firebase.components.ComponentRegistrar" />
160-->[com.google.firebase:firebase-common:20.4.3] AndroidManifest.xml:37:17-82
161            <meta-data
161-->[com.google.firebase:firebase-datatransport:18.1.7] AndroidManifest.xml:27:13-29:85
162                android:name="com.google.firebase.components:com.google.firebase.datatransport.TransportRegistrar"
162-->[com.google.firebase:firebase-datatransport:18.1.7] AndroidManifest.xml:28:17-115
163                android:value="com.google.firebase.components.ComponentRegistrar" />
163-->[com.google.firebase:firebase-datatransport:18.1.7] AndroidManifest.xml:29:17-82
164        </service>
165        <service
165-->[:firebase_messaging] AndroidManifest.xml:14:9-17:72
166            android:name="io.flutter.plugins.firebase.messaging.FlutterFirebaseMessagingBackgroundService"
166-->[:firebase_messaging] AndroidManifest.xml:15:13-107
167            android:exported="false"
167-->[:firebase_messaging] AndroidManifest.xml:16:13-37
168            android:permission="android.permission.BIND_JOB_SERVICE" />
168-->[:firebase_messaging] AndroidManifest.xml:17:13-69
169        <service
169-->[:firebase_messaging] AndroidManifest.xml:18:9-24:19
170            android:name="io.flutter.plugins.firebase.messaging.FlutterFirebaseMessagingService"
170-->[:firebase_messaging] AndroidManifest.xml:19:13-97
171            android:exported="false" >
171-->[:firebase_messaging] AndroidManifest.xml:20:13-37
172            <intent-filter>
172-->[:firebase_messaging] AndroidManifest.xml:21:13-23:29
173                <action android:name="com.google.firebase.MESSAGING_EVENT" />
173-->[:firebase_messaging] AndroidManifest.xml:22:17-78
173-->[:firebase_messaging] AndroidManifest.xml:22:25-75
174            </intent-filter>
175        </service>
176
177        <receiver
177-->[:firebase_messaging] AndroidManifest.xml:26:9-33:20
178            android:name="io.flutter.plugins.firebase.messaging.FlutterFirebaseMessagingReceiver"
178-->[:firebase_messaging] AndroidManifest.xml:27:13-98
179            android:exported="true"
179-->[:firebase_messaging] AndroidManifest.xml:28:13-36
180            android:permission="com.google.android.c2dm.permission.SEND" >
180-->[:firebase_messaging] AndroidManifest.xml:29:13-73
181            <intent-filter>
181-->[:firebase_messaging] AndroidManifest.xml:30:13-32:29
182                <action android:name="com.google.android.c2dm.intent.RECEIVE" />
182-->[:firebase_messaging] AndroidManifest.xml:31:17-81
182-->[:firebase_messaging] AndroidManifest.xml:31:25-78
183            </intent-filter>
184        </receiver>
185
186        <provider
186-->[:firebase_messaging] AndroidManifest.xml:41:9-45:38
187            android:name="io.flutter.plugins.firebase.messaging.FlutterFirebaseMessagingInitProvider"
187-->[:firebase_messaging] AndroidManifest.xml:42:13-102
188            android:authorities="com.dyuta6.dating_app.flutterfirebasemessaginginitprovider"
188-->[:firebase_messaging] AndroidManifest.xml:43:13-88
189            android:exported="false"
189-->[:firebase_messaging] AndroidManifest.xml:44:13-37
190            android:initOrder="99" />
190-->[:firebase_messaging] AndroidManifest.xml:45:13-35
191        <provider
191-->[:image_picker_android] AndroidManifest.xml:9:9-17:20
192            android:name="io.flutter.plugins.imagepicker.ImagePickerFileProvider"
192-->[:image_picker_android] AndroidManifest.xml:10:13-82
193            android:authorities="com.dyuta6.dating_app.flutter.image_provider"
193-->[:image_picker_android] AndroidManifest.xml:11:13-74
194            android:exported="false"
194-->[:image_picker_android] AndroidManifest.xml:12:13-37
195            android:grantUriPermissions="true" >
195-->[:image_picker_android] AndroidManifest.xml:13:13-47
196            <meta-data
196-->[:image_picker_android] AndroidManifest.xml:14:13-16:75
197                android:name="android.support.FILE_PROVIDER_PATHS"
197-->[:image_picker_android] AndroidManifest.xml:15:17-67
198                android:resource="@xml/flutter_image_picker_file_paths" />
198-->[:image_picker_android] AndroidManifest.xml:16:17-72
199        </provider> <!-- Trigger Google Play services to install the backported photo picker module. -->
200        <service
200-->[:image_picker_android] AndroidManifest.xml:19:9-31:19
201            android:name="com.google.android.gms.metadata.ModuleDependencies"
201-->[:image_picker_android] AndroidManifest.xml:20:13-78
202            android:enabled="false"
202-->[:image_picker_android] AndroidManifest.xml:21:13-36
203            android:exported="false" >
203-->[:image_picker_android] AndroidManifest.xml:22:13-37
204            <intent-filter>
204-->[:image_picker_android] AndroidManifest.xml:24:13-26:29
205                <action android:name="com.google.android.gms.metadata.MODULE_DEPENDENCIES" />
205-->[:image_picker_android] AndroidManifest.xml:25:17-94
205-->[:image_picker_android] AndroidManifest.xml:25:25-91
206            </intent-filter>
207
208            <meta-data
208-->[:image_picker_android] AndroidManifest.xml:28:13-30:36
209                android:name="photopicker_activity:0:required"
209-->[:image_picker_android] AndroidManifest.xml:29:17-63
210                android:value="" />
210-->[:image_picker_android] AndroidManifest.xml:30:17-33
211        </service>
212
213        <meta-data
213-->[:google_mobile_ads] AndroidManifest.xml:10:9-12:36
214            android:name="io.flutter.embedded_views_preview"
214-->[:google_mobile_ads] AndroidManifest.xml:11:13-61
215            android:value="true" />
215-->[:google_mobile_ads] AndroidManifest.xml:12:13-33
216
217        <activity
217-->[:url_launcher_android] AndroidManifest.xml:8:9-11:74
218            android:name="io.flutter.plugins.urllauncher.WebViewActivity"
218-->[:url_launcher_android] AndroidManifest.xml:9:13-74
219            android:exported="false"
219-->[:url_launcher_android] AndroidManifest.xml:10:13-37
220            android:theme="@android:style/Theme.NoTitleBar.Fullscreen" />
220-->[:url_launcher_android] AndroidManifest.xml:11:13-71
221
222        <property
222-->[com.google.android.gms:play-services-measurement-api:21.6.1] AndroidManifest.xml:30:9-32:61
223            android:name="android.adservices.AD_SERVICES_CONFIG"
223-->[com.google.android.gms:play-services-measurement-api:21.6.1] AndroidManifest.xml:31:13-65
224            android:resource="@xml/ga_ad_services_config" />
224-->[com.google.android.gms:play-services-measurement-api:21.6.1] AndroidManifest.xml:32:13-58
225
226        <activity
226-->[com.google.firebase:firebase-auth:22.3.1] AndroidManifest.xml:29:9-46:20
227            android:name="com.google.firebase.auth.internal.GenericIdpActivity"
227-->[com.google.firebase:firebase-auth:22.3.1] AndroidManifest.xml:30:13-80
228            android:excludeFromRecents="true"
228-->[com.google.firebase:firebase-auth:22.3.1] AndroidManifest.xml:31:13-46
229            android:exported="true"
229-->[com.google.firebase:firebase-auth:22.3.1] AndroidManifest.xml:32:13-36
230            android:launchMode="singleTask"
230-->[com.google.firebase:firebase-auth:22.3.1] AndroidManifest.xml:33:13-44
231            android:theme="@android:style/Theme.Translucent.NoTitleBar" >
231-->[com.google.firebase:firebase-auth:22.3.1] AndroidManifest.xml:34:13-72
232            <intent-filter>
232-->[com.google.firebase:firebase-auth:22.3.1] AndroidManifest.xml:35:13-45:29
233                <action android:name="android.intent.action.VIEW" />
233-->[com.google.firebase:firebase-auth:22.3.1] AndroidManifest.xml:36:17-69
233-->[com.google.firebase:firebase-auth:22.3.1] AndroidManifest.xml:36:25-66
234
235                <category android:name="android.intent.category.DEFAULT" />
235-->[com.google.firebase:firebase-auth:22.3.1] AndroidManifest.xml:38:17-76
235-->[com.google.firebase:firebase-auth:22.3.1] AndroidManifest.xml:38:27-73
236                <category android:name="android.intent.category.BROWSABLE" />
236-->[com.google.firebase:firebase-auth:22.3.1] AndroidManifest.xml:39:17-78
236-->[com.google.firebase:firebase-auth:22.3.1] AndroidManifest.xml:39:27-75
237
238                <data
238-->[com.google.firebase:firebase-auth:22.3.1] AndroidManifest.xml:41:17-44:51
239                    android:host="firebase.auth"
239-->[com.google.firebase:firebase-auth:22.3.1] AndroidManifest.xml:42:21-49
240                    android:path="/"
240-->[com.google.firebase:firebase-auth:22.3.1] AndroidManifest.xml:43:21-37
241                    android:scheme="genericidp" />
241-->[com.google.firebase:firebase-auth:22.3.1] AndroidManifest.xml:44:21-48
242            </intent-filter>
243        </activity>
244        <activity
244-->[com.google.firebase:firebase-auth:22.3.1] AndroidManifest.xml:47:9-64:20
245            android:name="com.google.firebase.auth.internal.RecaptchaActivity"
245-->[com.google.firebase:firebase-auth:22.3.1] AndroidManifest.xml:48:13-79
246            android:excludeFromRecents="true"
246-->[com.google.firebase:firebase-auth:22.3.1] AndroidManifest.xml:49:13-46
247            android:exported="true"
247-->[com.google.firebase:firebase-auth:22.3.1] AndroidManifest.xml:50:13-36
248            android:launchMode="singleTask"
248-->[com.google.firebase:firebase-auth:22.3.1] AndroidManifest.xml:51:13-44
249            android:theme="@android:style/Theme.Translucent.NoTitleBar" >
249-->[com.google.firebase:firebase-auth:22.3.1] AndroidManifest.xml:52:13-72
250            <intent-filter>
250-->[com.google.firebase:firebase-auth:22.3.1] AndroidManifest.xml:53:13-63:29
251                <action android:name="android.intent.action.VIEW" />
251-->[com.google.firebase:firebase-auth:22.3.1] AndroidManifest.xml:36:17-69
251-->[com.google.firebase:firebase-auth:22.3.1] AndroidManifest.xml:36:25-66
252
253                <category android:name="android.intent.category.DEFAULT" />
253-->[com.google.firebase:firebase-auth:22.3.1] AndroidManifest.xml:38:17-76
253-->[com.google.firebase:firebase-auth:22.3.1] AndroidManifest.xml:38:27-73
254                <category android:name="android.intent.category.BROWSABLE" />
254-->[com.google.firebase:firebase-auth:22.3.1] AndroidManifest.xml:39:17-78
254-->[com.google.firebase:firebase-auth:22.3.1] AndroidManifest.xml:39:27-75
255
256                <data
256-->[com.google.firebase:firebase-auth:22.3.1] AndroidManifest.xml:41:17-44:51
257                    android:host="firebase.auth"
257-->[com.google.firebase:firebase-auth:22.3.1] AndroidManifest.xml:42:21-49
258                    android:path="/"
258-->[com.google.firebase:firebase-auth:22.3.1] AndroidManifest.xml:43:21-37
259                    android:scheme="recaptcha" />
259-->[com.google.firebase:firebase-auth:22.3.1] AndroidManifest.xml:44:21-48
260            </intent-filter>
261        </activity>
262
263        <receiver
263-->[com.google.firebase:firebase-messaging:23.4.1] AndroidManifest.xml:29:9-40:20
264            android:name="com.google.firebase.iid.FirebaseInstanceIdReceiver"
264-->[com.google.firebase:firebase-messaging:23.4.1] AndroidManifest.xml:30:13-78
265            android:exported="true"
265-->[com.google.firebase:firebase-messaging:23.4.1] AndroidManifest.xml:31:13-36
266            android:permission="com.google.android.c2dm.permission.SEND" >
266-->[com.google.firebase:firebase-messaging:23.4.1] AndroidManifest.xml:32:13-73
267            <intent-filter>
267-->[:firebase_messaging] AndroidManifest.xml:30:13-32:29
268                <action android:name="com.google.android.c2dm.intent.RECEIVE" />
268-->[:firebase_messaging] AndroidManifest.xml:31:17-81
268-->[:firebase_messaging] AndroidManifest.xml:31:25-78
269            </intent-filter>
270
271            <meta-data
271-->[com.google.firebase:firebase-messaging:23.4.1] AndroidManifest.xml:37:13-39:40
272                android:name="com.google.android.gms.cloudmessaging.FINISHED_AFTER_HANDLED"
272-->[com.google.firebase:firebase-messaging:23.4.1] AndroidManifest.xml:38:17-92
273                android:value="true" />
273-->[com.google.firebase:firebase-messaging:23.4.1] AndroidManifest.xml:39:17-37
274        </receiver>
275        <!--
276             FirebaseMessagingService performs security checks at runtime,
277             but set to not exported to explicitly avoid allowing another app to call it.